c:\project\fcep1\openspace\x64\debug\vc143.pdb
c:\project\fcep1\openspace\x64\debug\vc143.idb
c:\project\fcep1\openspace\x64\debug\openspacegame.obj
c:\project\fcep1\openspace\x64\debug\openspace.obj
c:\project\fcep1\openspace\x64\debug\introstate.obj
c:\project\fcep1\openspace\x64\debug\menustate.obj
c:\project\fcep1\openspace\x64\debug\test3d.obj
c:\project\fcep1\openspace\x64\debug\starfield.obj
c:\project\fcep1\futureengine\x64\debug\openspace.exe
c:\project\fcep1\futureengine\x64\debug\openspace.pdb
c:\project\fcep1\openspace\x64\debug\openspace.ilk
c:\project\fcep1\openspace\x64\debug\introstate.obj.enc
c:\project\fcep1\openspace\x64\debug\openspace.tlog\cl.command.1.tlog
c:\project\fcep1\openspace\x64\debug\openspace.tlog\cl.items.tlog
c:\project\fcep1\openspace\x64\debug\openspace.tlog\cl.read.1.tlog
c:\project\fcep1\openspace\x64\debug\openspace.tlog\cl.write.1.tlog
c:\project\fcep1\openspace\x64\debug\openspace.tlog\link.command.1.tlog
c:\project\fcep1\openspace\x64\debug\openspace.tlog\link.read.1.tlog
c:\project\fcep1\openspace\x64\debug\openspace.tlog\link.secondary.1.tlog
c:\project\fcep1\openspace\x64\debug\openspace.tlog\link.write.1.tlog
