c:\project\fcep1\futureengine\futureengine\x64\debug\futureengine.pch
c:\project\fcep1\futureengine\x64\debug\futureengine.pdb
c:\project\fcep1\futureengine\x64\debug\futureengine.idb
c:\project\fcep1\futureengine\futureengine\x64\debug\pch.obj
c:\project\fcep1\futureengine\futureengine\x64\debug\microsoft\stl\std.ixx.ifc
c:\project\fcep1\futureengine\futureengine\x64\debug\microsoft\stl\std.ixx.ifc.d.json
c:\project\fcep1\futureengine\futureengine\x64\debug\microsoft\stl\std.ixx.obj
c:\project\fcep1\futureengine\futureengine\x64\debug\microsoft\stl\std.compat.ixx.ifc
c:\project\fcep1\futureengine\futureengine\x64\debug\microsoft\stl\std.compat.ixx.ifc.d.json
c:\project\fcep1\futureengine\futureengine\x64\debug\microsoft\stl\std.compat.ixx.obj
c:\project\fcep1\futureengine\futureengine\x64\debug\graphicspipeline.obj
c:\project\fcep1\futureengine\futureengine\x64\debug\gpsmartdraw.obj
c:\project\fcep1\futureengine\futureengine\x64\debug\gpmap2d.obj
c:\project\fcep1\futureengine\futureengine\x64\debug\gamevideo.obj
c:\project\fcep1\futureengine\futureengine\x64\debug\gameui.obj
c:\project\fcep1\futureengine\futureengine\x64\debug\gametile.obj
c:\project\fcep1\futureengine\futureengine\x64\debug\gamesprite.obj
c:\project\fcep1\futureengine\futureengine\x64\debug\gameobj.obj
c:\project\fcep1\futureengine\futureengine\x64\debug\gamemap.obj
c:\project\fcep1\futureengine\futureengine\x64\debug\gamelight.obj
c:\project\fcep1\futureengine\futureengine\x64\debug\gameinput.obj
c:\project\fcep1\futureengine\futureengine\x64\debug\gamefont.obj
c:\project\fcep1\futureengine\futureengine\x64\debug\gamecam.obj
c:\project\fcep1\futureengine\futureengine\x64\debug\gameanimation.obj
c:\project\fcep1\futureengine\futureengine\x64\debug\futurestate.obj
c:\project\fcep1\futureengine\futureengine\x64\debug\futureengine.obj
c:\project\fcep1\futureengine\futureengine\x64\debug\futureapp.obj
c:\project\fcep1\futureengine\futureengine\x64\debug\filerequester.obj
c:\project\fcep1\futureengine\futureengine\x64\debug\drawlist.obj
c:\project\fcep1\futureengine\futureengine\x64\debug\drawinfo.obj
c:\project\fcep1\futureengine\futureengine\x64\debug\itreeview.obj
c:\project\fcep1\futureengine\futureengine\x64\debug\itreenode.obj
c:\project\fcep1\futureengine\futureengine\x64\debug\itoolbar.obj
c:\project\fcep1\futureengine\futureengine\x64\debug\itimeselector.obj
c:\project\fcep1\futureengine\futureengine\x64\debug\itextedit.obj
c:\project\fcep1\futureengine\futureengine\x64\debug\itextarea.obj
c:\project\fcep1\futureengine\futureengine\x64\debug\ipropertyeditor.obj
c:\project\fcep1\futureengine\futureengine\x64\debug\imainmenu.obj
c:\project\fcep1\futureengine\futureengine\x64\debug\ilabel.obj
c:\project\fcep1\futureengine\futureengine\x64\debug\iimage.obj
c:\project\fcep1\futureengine\futureengine\x64\debug\ihorizontalscroller.obj
c:\project\fcep1\futureengine\futureengine\x64\debug\igetname.obj
c:\project\fcep1\futureengine\futureengine\x64\debug\iframebuffer.obj
c:\project\fcep1\futureengine\futureengine\x64\debug\idocker.obj
c:\project\fcep1\futureengine\futureengine\x64\debug\idateselector.obj
c:\project\fcep1\futureengine\futureengine\x64\debug\icontrolgroup.obj
c:\project\fcep1\futureengine\futureengine\x64\debug\icontrol.obj
c:\project\fcep1\futureengine\futureengine\x64\debug\icombobox.obj
c:\project\fcep1\futureengine\futureengine\x64\debug\icheckbox.obj
c:\project\fcep1\futureengine\futureengine\x64\debug\ibutton.obj
c:\project\fcep1\futureengine\futureengine\x64\debug\uitheme.obj
c:\project\fcep1\futureengine\futureengine\x64\debug\uihelp.obj
c:\project\fcep1\futureengine\futureengine\x64\debug\themedark.obj
c:\project\fcep1\futureengine\futureengine\x64\debug\texture2d.obj
c:\project\fcep1\futureengine\futureengine\x64\debug\soundlib.obj
c:\project\fcep1\futureengine\futureengine\x64\debug\smartdraw.obj
c:\project\fcep1\futureengine\futureengine\x64\debug\shadermodule.obj
c:\project\fcep1\futureengine\futureengine\x64\debug\rendertarget2d.obj
c:\project\fcep1\futureengine\futureengine\x64\debug\messagebox.obj
c:\project\fcep1\futureengine\futureengine\x64\debug\meshbuffer.obj
c:\project\fcep1\futureengine\futureengine\x64\debug\mathsops.obj
c:\project\fcep1\futureengine\futureengine\x64\debug\iwindow.obj
c:\project\fcep1\futureengine\futureengine\x64\debug\ivideoplayer.obj
c:\project\fcep1\futureengine\futureengine\x64\debug\iverticalscroller.obj
c:\project\fcep1\futureengine\futureengine\x64\debug\iverticalmenu.obj
c:\project\fcep1\futureengine\futureengine\x64\debug\themebluegame.obj
c:\project\fcep1\futureengine\futureengine\x64\debug\scenegraph.obj
c:\project\fcep1\futureengine\futureengine\x64\debug\graphnode.obj
c:\project\fcep1\futureengine\futureengine\x64\debug\nodeentity.obj
c:\project\fcep1\futureengine\futureengine\x64\debug\importer.obj
c:\project\fcep1\futureengine\futureengine\x64\debug\glad.obj
c:\project\fcep1\futureengine\futureengine\x64\debug\nodecamera.obj
c:\project\fcep1\futureengine\futureengine\x64\debug\mesh3dbuffer.obj
c:\project\fcep1\futureengine\futureengine\x64\debug\solarisrenderer.obj
c:\project\fcep1\futureengine\futureengine\x64\debug\gpbasic3d.obj
c:\project\fcep1\futureengine\futureengine\x64\debug\rendermaterial.obj
c:\project\fcep1\futureengine\futureengine\x64\debug\nodelight.obj
c:\project\fcep1\futureengine\futureengine\x64\debug\gp3d.obj
c:\project\fcep1\futureengine\futureengine\x64\debug\nodefpscamera.obj
c:\project\fcep1\futureengine\futureengine\x64\debug\rendertargetcube.obj
c:\project\fcep1\futureengine\futureengine\x64\debug\cuberenderer.obj
c:\project\fcep1\futureengine\futureengine\x64\debug\gpdepth.obj
c:\project\fcep1\futureengine\futureengine\x64\debug\nodeskeletalentity.obj
c:\project\fcep1\futureengine\futureengine\x64\debug\boneinfo.obj
c:\project\fcep1\futureengine\futureengine\x64\debug\animator.obj
c:\project\fcep1\futureengine\futureengine\x64\debug\mathshelp.obj
c:\project\fcep1\futureengine\futureengine\x64\debug\bone.obj
c:\project\fcep1\futureengine\futureengine\x64\debug\animation.obj
c:\project\fcep1\futureengine\futureengine\x64\debug\gps3d.obj
c:\project\fcep1\futureengine\futureengine\x64\debug\gpsdepth.obj
c:\project\fcep1\futureengine\futureengine\x64\debug\gpparticle.obj
c:\project\fcep1\futureengine\futureengine\x64\debug\particlesystem.obj
c:\project\fcep1\futureengine\x64\debug\futureengine.lib
c:\project\fcep1\futureengine\futureengine\x64\debug\microsoft\stl\std.ixx.module.json
c:\project\fcep1\futureengine\futureengine\x64\debug\microsoft\stl\std.compat.ixx.module.json
c:\project\fcep1\futureengine\futureengine\x64\debug\gpbasic3d.new.obj.enc
c:\project\fcep1\futureengine\futureengine\x64\debug\futureengine.tlog\cl.command.1.tlog
c:\project\fcep1\futureengine\futureengine\x64\debug\futureengine.tlog\cl.items.tlog
c:\project\fcep1\futureengine\futureengine\x64\debug\futureengine.tlog\cl.read.1.tlog
c:\project\fcep1\futureengine\futureengine\x64\debug\futureengine.tlog\cl.write.1.tlog
c:\project\fcep1\futureengine\futureengine\x64\debug\futureengine.tlog\lib-link.read.1.tlog
c:\project\fcep1\futureengine\futureengine\x64\debug\futureengine.tlog\lib-link.write.1.tlog
c:\project\fcep1\futureengine\futureengine\x64\debug\futureengine.tlog\lib.command.1.tlog
c:\project\fcep1\futureengine\futureengine\x64\debug\futureengine_md.tlog\cl.command.1.tlog
c:\project\fcep1\futureengine\futureengine\x64\debug\futureengine_md.tlog\microsoft.build.cpptasks.cl.read.1.tlog
c:\project\fcep1\futureengine\futureengine\x64\debug\futureengine_md.tlog\microsoft.build.cpptasks.cl.write.1.tlog
