c:\project\fcep1\futureengine\x64\release\futureengine.pdb
c:\project\fcep1\futureengine\futureengine\x64\release\texture2d.obj
c:\project\fcep1\futureengine\futureengine\x64\release\smartdraw.obj
c:\project\fcep1\futureengine\futureengine\x64\release\shadermodule.obj
c:\project\fcep1\futureengine\futureengine\x64\release\mathsops.obj
c:\project\fcep1\futureengine\futureengine\x64\release\gametile.obj
c:\project\fcep1\futureengine\futureengine\x64\release\gameobj.obj
c:\project\fcep1\futureengine\futureengine\x64\release\gamemap.obj
c:\project\fcep1\futureengine\futureengine\x64\release\gamelight.obj
c:\project\fcep1\futureengine\futureengine\x64\release\gameinput.obj
c:\project\fcep1\futureengine\futureengine\x64\release\gamecam.obj
c:\project\fcep1\futureengine\futureengine\x64\release\futurestate.obj
c:\project\fcep1\futureengine\futureengine\x64\release\futureengine.obj
c:\project\fcep1\futureengine\futureengine\x64\release\futureapp.obj
c:\project\fcep1\futureengine\futureengine\x64\release\drawlist.obj
c:\project\fcep1\futureengine\futureengine\x64\release\drawinfo.obj
c:\project\fcep1\futureengine\futureengine\x64\release\rendertarget2d.obj
c:\project\fcep1\futureengine\futureengine\x64\release\gamesprite.obj
c:\project\fcep1\futureengine\futureengine\x64\release\gameanimation.obj
c:\project\fcep1\futureengine\futureengine\x64\release\icontrol.obj
c:\project\fcep1\futureengine\futureengine\x64\release\gameui.obj
c:\project\fcep1\futureengine\futureengine\x64\release\iimage.obj
c:\project\fcep1\futureengine\futureengine\x64\release\icontrolgroup.obj
c:\project\fcep1\futureengine\futureengine\x64\release\iframebuffer.obj
c:\project\fcep1\futureengine\futureengine\x64\release\ibutton.obj
c:\project\fcep1\futureengine\futureengine\x64\release\gamefont.obj
c:\project\fcep1\futureengine\futureengine\x64\release\window-dock-implementation.obj
c:\project\fcep1\futureengine\futureengine\x64\release\window-dock-handler-implementation.obj
c:\project\fcep1\futureengine\futureengine\x64\release\uihelp.obj
c:\project\fcep1\futureengine\futureengine\x64\release\iwindow.obj
c:\project\fcep1\futureengine\futureengine\x64\release\iverticalscroller.obj
c:\project\fcep1\futureengine\futureengine\x64\release\ihorizontalscroller.obj
c:\project\fcep1\futureengine\futureengine\x64\release\igetname.obj
c:\project\fcep1\futureengine\futureengine\x64\release\idocker.obj
c:\project\fcep1\futureengine\futureengine\x64\release\icombobox.obj
c:\project\fcep1\futureengine\futureengine\x64\release\filerequester.obj
c:\project\fcep1\futureengine\futureengine\x64\release\binaryfile.obj
c:\project\fcep1\futureengine\futureengine\x64\release\themedark.obj
c:\project\fcep1\futureengine\futureengine\x64\release\messagebox.obj
c:\project\fcep1\futureengine\futureengine\x64\release\iverticalmenu.obj
c:\project\fcep1\futureengine\futureengine\x64\release\itreeview.obj
c:\project\fcep1\futureengine\futureengine\x64\release\itreenode.obj
c:\project\fcep1\futureengine\futureengine\x64\release\itoolbar.obj
c:\project\fcep1\futureengine\futureengine\x64\release\itextedit.obj
c:\project\fcep1\futureengine\futureengine\x64\release\itextarea.obj
c:\project\fcep1\futureengine\futureengine\x64\release\imainmenu.obj
c:\project\fcep1\futureengine\futureengine\x64\release\ilabel.obj
c:\project\fcep1\futureengine\futureengine\x64\release\uitheme.obj
c:\project\fcep1\futureengine\futureengine\x64\release\futureengine.pch
c:\project\fcep1\futureengine\futureengine\x64\release\pch.obj
c:\project\fcep1\futureengine\futureengine\x64\release\gputalk.obj
c:\project\fcep1\futureengine\futureengine\x64\release\gamevideo.obj
c:\project\fcep1\futureengine\futureengine\x64\release\ivideoplayer.obj
c:\project\fcep1\futureengine\futureengine\x64\release\itimeselector.obj
c:\project\fcep1\futureengine\futureengine\x64\release\idateselector.obj
c:\project\fcep1\futureengine\futureengine\x64\release\soundlib.obj
c:\project\fcep1\futureengine\futureengine\x64\release\glad.obj
c:\project\fcep1\futureengine\futureengine\x64\release\ggml.obj
c:\project\fcep1\futureengine\x64\release\futureengine.lib
c:\project\fcep1\futureengine\futureengine\x64\release\futureengine.tlog\cl.command.1.tlog
c:\project\fcep1\futureengine\futureengine\x64\release\futureengine.tlog\cl.items.tlog
c:\project\fcep1\futureengine\futureengine\x64\release\futureengine.tlog\cl.read.1.tlog
c:\project\fcep1\futureengine\futureengine\x64\release\futureengine.tlog\cl.write.1.tlog
c:\project\fcep1\futureengine\futureengine\x64\release\futureengine.tlog\lib-link.read.1.tlog
c:\project\fcep1\futureengine\futureengine\x64\release\futureengine.tlog\lib-link.write.1.tlog
c:\project\fcep1\futureengine\futureengine\x64\release\futureengine.tlog\lib.command.1.tlog
